iMPACT Version: Apr 23 2012 20:20:28

iMPACT log file Started on Tue Mar 19 15:33:04 2013

Preference Table
Name                 Setting             
StartupClock         Auto_Correction     
AutoSignature        False               
KeepSVF              False               
ConcurrentMode       False               
UseHighz             False               
ConfigOnFailure      Stop                
UserLevel            Novice              
MessageLevel         Detailed            
svfUseTime           false               
SpiByteSwap          Auto_Correction     
AutoInfer            false               
SvfPlayDisplayComments false               
AutoDetecting cable. Please wait.
If you are using the Platform Cable USB, please refer to the USB CableInstallation Guide (UG344) to install the libusb package.
Connecting to cable (Usb Port - USB21).
Checking cable driver.
File version of /opt/Xilinx/14.1/ISE_DS/ISE/bin/lin64/xusbdfwu.hex = 1030.
File version of /usr/share/xusbdfwu.hex = 1030.
 WinDriver v10.31 Jungo (c) 1997 - 2011 Build Date: May 24 2011 x86_64 64bit18:13:19.
 Cable PID = 0008.
 Max current requested during enumeration is 74 mA.
Type = 0x0004.
 Cable Type = 3, Revision = 0.
 Setting cable speed to 6 MHz.
ERROR:Cse - A reference voltage has not been detected on the ribbon cable   interface to the target system ( pin 2 ).  Check that power is applied to the   target system and that the ribbon cable is properly seated at both ends.  The   status LED on Platform Cable USB will be GREEN if target voltage is in the   proper range and applied to the correct pin.
Cable connection failed.
Connecting to cable (Parallel Port - parport0).
 WinDriver v10.31 Jungo (c) 1997 - 2011 Build Date: May 24 2011 x86_64 64bit18:13:19.
 parport0: baseAddress=0x378, ecpAddress=0x778
 LPT base address = 0378h.
 ECP base address = 0778h.
Cable connection failed.
Connecting to cable (Parallel Port - parport1).
 WinDriver v10.31 Jungo (c) 1997 - 2011 Build Date: May 24 2011 x86_64 64bit18:13:19.
Cable connection failed.
Connecting to cable (Parallel Port - parport2).
 WinDriver v10.31 Jungo (c) 1997 - 2011 Build Date: May 24 2011 x86_64 64bit18:13:19.
Cable connection failed.
Connecting to cable (Parallel Port - parport3).
 WinDriver v10.31 Jungo (c) 1997 - 2011 Build Date: May 24 2011 x86_64 64bit18:13:19.
Cable connection failed.
Cable autodetection failed.
