Release 14.1 - xst P.15xf (lin64)
Copyright (c) 1995-2012 Xilinx, Inc.  All rights reserved.
--> 
Parameter TMPDIR set to xst/tmp


Total REAL time to Xst completion: 0.00 secs
Total CPU time to Xst completion: 0.13 secs
 
--> 
Parameter xsthdpdir set to xst


Total REAL time to Xst completion: 0.00 secs
Total CPU time to Xst completion: 0.13 secs
 
--> 

TABLE OF CONTENTS
  1) Synthesis Options Summary
  2) HDL Compilation
  3) Design Hierarchy Analysis
  4) HDL Analysis
  5) HDL Synthesis
     5.1) HDL Synthesis Report
  6) Advanced HDL Synthesis
     6.1) Advanced HDL Synthesis Report
  7) Low Level Synthesis
  8) Partition Report
  9) Final Report
	9.1) Device utilization summary
	9.2) Partition Resource Summary
	9.3) TIMING REPORT


=========================================================================
*                      Synthesis Options Summary                        *
=========================================================================
---- Source Parameters
Input File Name                    : "ml505top.prj"
Input Format                       : mixed
Ignore Synthesis Constraint File   : NO

---- Target Parameters
Output File Name                   : "ml505top"
Output Format                      : NGC
Target Device                      : xc5vlx110t-1-ff1136

---- Source Options
Top Module Name                    : ml505top
Automatic FSM Extraction           : YES
FSM Encoding Algorithm             : Auto
Safe Implementation                : No
FSM Style                          : LUT
RAM Extraction                     : Yes
RAM Style                          : Auto
ROM Extraction                     : Yes
Mux Style                          : Auto
Decoder Extraction                 : YES
Priority Encoder Extraction        : Yes
Shift Register Extraction          : YES
Logical Shifter Extraction         : YES
XOR Collapsing                     : YES
ROM Style                          : Auto
Mux Extraction                     : Yes
Resource Sharing                   : YES
Asynchronous To Synchronous        : NO
Use DSP Block                      : YES
Automatic Register Balancing       : No

---- Target Options
LUT Combining                      : Off
Reduce Control Sets                : Off
Add IO Buffers                     : YES
Global Maximum Fanout              : 100000
Add Generic Clock Buffer(BUFG)     : 32
Register Duplication               : YES
Slice Packing                      : YES
Optimize Instantiated Primitives   : NO
Use Clock Enable                   : Auto
Use Synchronous Set                : Auto
Use Synchronous Reset              : Auto
Pack IO Registers into IOBs        : Auto
Equivalent register Removal        : YES

---- General Options
Optimization Goal                  : Speed
Optimization Effort                : 1
Power Reduction                    : NO
Keep Hierarchy                     : No
Netlist Hierarchy                  : As_Optimized
RTL Output                         : Yes
Global Optimization                : AllClockNets
Read Cores                         : YES
Write Timing Constraints           : NO
Cross Clock Analysis               : NO
Hierarchy Separator                : /
Bus Delimiter                      : <>
Case Specifier                     : Maintain
Slice Utilization Ratio            : 100
BRAM Utilization Ratio             : 100
DSP48 Utilization Ratio            : 100
Verilog 2001                       : YES
Auto BRAM Packing                  : NO
Slice Utilization Ratio Delta      : 5

=========================================================================


=========================================================================
*                          HDL Compilation                              *
=========================================================================
Compiling verilog file "../../src/ml505top.v" in library work
Compiling verilog file "../../src/LogGraph.v" in library work
Module <ml505top> compiled
Module <LogGraph> compiled
No errors in compilation
Analysis of file <"ml505top.prj"> succeeded.
 

=========================================================================
*                     Design Hierarchy Analysis                         *
=========================================================================
Analyzing hierarchy for module <ml505top> in library <work>.

Analyzing hierarchy for module <LogGraph> in library <work> with parameters.
	MSB = "00000000000000000000000000011111"


=========================================================================
*                            HDL Analysis                               *
=========================================================================
Analyzing top module <ml505top>.
Module <ml505top> is correct for synthesis.
 
Analyzing module <LogGraph> in library <work>.
	MSB = 32'sb00000000000000000000000000011111
Module <LogGraph> is correct for synthesis.
 

=========================================================================
*                           HDL Synthesis                               *
=========================================================================

Performing bidirectional port resolution...

Synthesizing Unit <LogGraph>.
    Related source file is "../../src/LogGraph.v".
WARNING:Xst:647 - Input <I<23:0>> is never used. This port will be preserved and left unconnected if it belongs to a top-level block or it belongs to a sub-block and the hierarchy of this sub-block is preserved.
Unit <LogGraph> synthesized.


Synthesizing Unit <ml505top>.
    Related source file is "../../src/ml505top.v".
WARNING:Xst:647 - Input <AUDIO_SDATA_OUT> is never used. This port will be preserved and left unconnected if it belongs to a top-level block or it belongs to a sub-block and the hierarchy of this sub-block is preserved.
WARNING:Xst:647 - Input <AUDIO_BIT_CLK> is never used. This port will be preserved and left unconnected if it belongs to a top-level block or it belongs to a sub-block and the hierarchy of this sub-block is preserved.
WARNING:Xst:647 - Input <AUDIO_SYNC> is never used. This port will be preserved and left unconnected if it belongs to a top-level block or it belongs to a sub-block and the hierarchy of this sub-block is preserved.
WARNING:Xst:647 - Input <GPIO_COMPSW> is never used. This port will be preserved and left unconnected if it belongs to a top-level block or it belongs to a sub-block and the hierarchy of this sub-block is preserved.
    Found 32-bit up counter for signal <counter>.
    Summary:
	inferred   1 Counter(s).
Unit <ml505top> synthesized.


=========================================================================
HDL Synthesis Report

Macro Statistics
# Counters                                             : 1
 32-bit up counter                                     : 1

=========================================================================

=========================================================================
*                       Advanced HDL Synthesis                          *
=========================================================================


=========================================================================
Advanced HDL Synthesis Report

Macro Statistics
# Counters                                             : 1
 32-bit up counter                                     : 1

=========================================================================

=========================================================================
*                         Low Level Synthesis                           *
=========================================================================

Optimizing unit <ml505top> ...

Mapping all equations...
Building and optimizing final netlist ...
Found area constraint ratio of 100 (+ 5) on block ml505top, actual ratio is 0.

Final Macro Processing ...

=========================================================================
Final Register Report

Found no macro
=========================================================================

=========================================================================
*                           Partition Report                            *
=========================================================================

Partition Implementation Status
-------------------------------

  No Partitions were found in this design.

-------------------------------

=========================================================================
*                            Final Report                               *
=========================================================================
Final Results
RTL Top Level Output File Name     : ml505top.ngr
Top Level Output File Name         : ml505top
Output Format                      : NGC
Optimization Goal                  : Speed
Keep Hierarchy                     : No

Design Statistics
# IOs                              : 19

Cell Usage :
# BELS                             : 11
#      GND                         : 1
#      LUT2                        : 1
#      LUT3                        : 2
#      LUT4                        : 1
#      LUT5                        : 1
#      LUT6                        : 3
#      MUXF7                       : 1
#      VCC                         : 1
# Clock Buffers                    : 1
#      BUFG                        : 1
# IO Buffers                       : 11
#      IBUFG                       : 1
#      OBUF                        : 10
# DSPs                             : 1
#      DSP48E                      : 1
=========================================================================

Device utilization summary:
---------------------------

Selected Device : 5vlx110tff1136-1 


Slice Logic Utilization: 
 Number of Slice LUTs:                    8  out of  69120     0%  
    Number used as Logic:                 8  out of  69120     0%  

Slice Logic Distribution: 
 Number of LUT Flip Flop pairs used:      8
   Number with an unused Flip Flop:       8  out of      8   100%  
   Number with an unused LUT:             0  out of      8     0%  
   Number of fully used LUT-FF pairs:     0  out of      8     0%  
   Number of unique control sets:         0

IO Utilization: 
 Number of IOs:                          19
 Number of bonded IOBs:                  11  out of    640     1%  

Specific Feature Utilization:
 Number of BUFG/BUFGCTRLs:                1  out of     32     3%  
 Number of DSP48Es:                       1  out of     64     1%  

---------------------------
Partition Resource Summary:
---------------------------

  No Partitions were found in this design.

---------------------------


=========================================================================
TIMING REPORT

NOTE: THESE TIMING NUMBERS ARE ONLY A SYNTHESIS ESTIMATE.
      FOR ACCURATE TIMING INFORMATION PLEASE REFER TO THE TRACE REPORT
      GENERATED AFTER PLACE-and-ROUTE.

Clock Information:
------------------
-----------------------------------+------------------------+-------+
Clock Signal                       | Clock buffer(FF name)  | Load  |
-----------------------------------+------------------------+-------+
CLK_33MHZ_FPGA                     | IBUFG+BUFG             | 1     |
-----------------------------------+------------------------+-------+

Asynchronous Control Signals Information:
----------------------------------------
No asynchronous control signals found in this design

Timing Summary:
---------------
Speed Grade: -1

   Minimum period: 2.634ns (Maximum Frequency: 379.651MHz)
   Minimum input arrival time before clock: No path found
   Maximum output required time after clock: 4.796ns
   Maximum combinational path delay: No path found

Timing Detail:
--------------
All values displayed in nanoseconds (ns)

=========================================================================
Timing constraint: Default period analysis for Clock 'CLK_33MHZ_FPGA'
  Clock period: 2.634ns (frequency: 379.651MHz)
  Total number of paths / destination ports: 32 / 32
-------------------------------------------------------------------------
Delay:               2.634ns (Levels of Logic = 0)
  Source:            Mcount_counter1 (DSP)
  Destination:       Mcount_counter1 (DSP)
  Source Clock:      CLK_33MHZ_FPGA rising
  Destination Clock: CLK_33MHZ_FPGA rising

  Data Path: Mcount_counter1 to Mcount_counter1
                                Gate     Net
    Cell:in->out      fanout   Delay   Delay  Logical Name (Net Name)
    ----------------------------------------  ------------
     DSP48E:CLK->P31       9   0.556   0.380  Mcount_counter1 (counter<31>)
     DSP48E:C31                1.698          Mcount_counter1
    ----------------------------------------
    Total                      2.634ns (2.254ns logic, 0.380ns route)
                                       (85.6% logic, 14.4% route)

=========================================================================
Timing constraint: Default OFFSET OUT AFTER for Clock 'CLK_33MHZ_FPGA'
  Total number of paths / destination ports: 36 / 8
-------------------------------------------------------------------------
Offset:              4.796ns (Levels of Logic = 3)
  Source:            Mcount_counter1 (DSP)
  Destination:       GPIO_LED<6> (PAD)
  Source Clock:      CLK_33MHZ_FPGA rising

  Data Path: Mcount_counter1 to GPIO_LED<6>
                                Gate     Net
    Cell:in->out      fanout   Delay   Delay  Logical Name (Net Name)
    ----------------------------------------  ------------
     DSP48E:CLK->P30       8   0.556   1.107  Mcount_counter1 (counter<30>)
     LUT6:I0->O            1   0.094   0.000  lg/O_6_or00001 (lg/O_6_or0000)
     MUXF7:I0->O           1   0.251   0.336  lg/O_6_or0000_f7 (GPIO_LED_6_OBUF)
     OBUF:I->O                 2.452          GPIO_LED_6_OBUF (GPIO_LED<6>)
    ----------------------------------------
    Total                      4.796ns (3.353ns logic, 1.443ns route)
                                       (69.9% logic, 30.1% route)

=========================================================================


Total REAL time to Xst completion: 22.00 secs
Total CPU time to Xst completion: 21.72 secs
 
--> 


Total memory usage is 671708 kilobytes

Number of errors   :    0 (   0 filtered)
Number of warnings :    5 (   0 filtered)
Number of infos    :    0 (   0 filtered)

