Welcome to Xilinx CORE Generator.
Help system initialized.
The IP Catalog has been reloaded.
Wrote CGP file for project 'coregen'.
Customize and GenerateINFO:sim:172 - Generating IP...
Applying current project options...
Finished applying current project options.
WARNING:sim - Verilog simulation file type 'Behavioral' is not valid for this
   core. Overriding with simulation file type 'Structural'.
Resolving generics for 'xfft'...
WARNING:sim - Verilog simulation file type 'Behavioral' is not valid for this
   core. Overriding with simulation file type 'Structural'.
Applying external generics to 'xfft'...
Delivering associated files for 'xfft'...
Generating implementation netlist for 'xfft'...
INFO:sim - Pre-processing HDL files for 'xfft'...
Running synthesis for 'xfft'
Running ngcbuild...
Writing VEO instantiation template for 'xfft'...
WARNING:sim - Verilog simulation file type 'Behavioral' is not valid for this
   core. Overriding with simulation file type 'Structural'.
Writing Verilog structural simulation model for 'xfft'...
WARNING:sim - Verilog simulation file type 'Behavioral' is not valid for this
   core. Overriding with simulation file type 'Structural'.
Delivered 3 files into directory
/home/cc/cs150/sp13/class/cs150-ac/proj/MicIn/src/tmp/_cg/xfft
Generating ASY schematic symbol...
INFO:sim:949 - Finished generation of ASY schematic symbol.
Generating metadata file...
Generating ISE project...
XCO file found: xfft.xco
XMDF file found: xfft_xmdf.tcl
Adding /home/cc/cs150/sp13/class/cs150-ac/proj/MicIn/src/tmp/_cg/xfft.asy -view
all -origin_type imported
Adding /home/cc/cs150/sp13/class/cs150-ac/proj/MicIn/src/tmp/_cg/xfft.ngc -view
all -origin_type created
Checking file
"/home/cc/cs150/sp13/class/cs150-ac/proj/MicIn/src/tmp/_cg/xfft.ngc" for project
device match ...
File "/home/cc/cs150/sp13/class/cs150-ac/proj/MicIn/src/tmp/_cg/xfft.ngc" device
information matches project device.
Adding /home/cc/cs150/sp13/class/cs150-ac/proj/MicIn/src/tmp/_cg/xfft.v -view
all -origin_type created
INFO:HDLCompiler:1845 - Analyzing Verilog file
   "/home/cc/cs150/sp13/class/cs150-ac/proj/MicIn/src/tmp/_cg/xfft.v" into
   library work
INFO:ProjectMgmt - Parsing design hierarchy completed successfully.
Adding /home/cc/cs150/sp13/class/cs150-ac/proj/MicIn/src/tmp/_cg/xfft.veo -view
all -origin_type imported
INFO:TclTasksC:2116 - The automatic calculation of top has been turned-off.
   Please set the new top explicitly by running the "project set top" command.
   To re-calculate the new top automatically, set the "Auto Implementation Top"
   property to true.
Top level has been set to "/xfft"
Generating README file...
Generating FLIST file...
INFO:sim:948 - Finished FLIST file generation.
Launching README viewer...
Moving files to output directory...
Finished moving files to output directory
Saved CGP file for project 'coregen'.
Customize and GenerateINFO:sim:172 - Generating IP...
Applying current project options...
Finished applying current project options.
WARNING:sim - Verilog simulation file type 'Behavioral' is not valid for this
   core. Overriding with simulation file type 'Structural'.
Resolving generics for 'dds_trig'...
WARNING:sim - Verilog simulation file type 'Behavioral' is not valid for this
   core. Overriding with simulation file type 'Structural'.
Applying external generics to 'dds_trig'...
Delivering associated files for 'dds_trig'...
WARNING:sim - Verilog simulation file type 'Behavioral' is not valid for this
   core. Overriding with simulation file type 'Structural'.
Generating implementation netlist for 'dds_trig'...
INFO:sim - Pre-processing HDL files for 'dds_trig'...
Running synthesis for 'dds_trig'
Running ngcbuild...
Writing instantiation template for 'dds_trig'...
WARNING:sim - Verilog simulation file type 'Behavioral' is not valid for this
   core. Overriding with simulation file type 'Structural'.
WARNING:sim - Verilog simulation file type 'Behavioral' is not valid for this
   core. Overriding with simulation file type 'Structural'.
Writing Verilog structural simulation model for 'dds_trig'...
WARNING:sim - Verilog simulation file type 'Behavioral' is not valid for this
   core. Overriding with simulation file type 'Structural'.
Delivered 2 files into directory
/home/cc/cs150/sp13/class/cs150-ac/proj/MicIn/src/tmp/_cg/dds_trig
Generating ASY schematic symbol...
INFO:sim:949 - Finished generation of ASY schematic symbol.
Generating metadata file...
Generating ISE project...
XCO file found: dds_trig.xco
XMDF file found: dds_trig_xmdf.tcl
Adding /home/cc/cs150/sp13/class/cs150-ac/proj/MicIn/src/tmp/_cg/dds_trig.asy
-view all -origin_type imported
Adding /home/cc/cs150/sp13/class/cs150-ac/proj/MicIn/src/tmp/_cg/dds_trig.ngc
-view all -origin_type created
Checking file
"/home/cc/cs150/sp13/class/cs150-ac/proj/MicIn/src/tmp/_cg/dds_trig.ngc" for
project device match ...
File "/home/cc/cs150/sp13/class/cs150-ac/proj/MicIn/src/tmp/_cg/dds_trig.ngc"
device information matches project device.
Adding /home/cc/cs150/sp13/class/cs150-ac/proj/MicIn/src/tmp/_cg/dds_trig.v
-view all -origin_type created
INFO:HDLCompiler:1845 - Analyzing Verilog file
   "/home/cc/cs150/sp13/class/cs150-ac/proj/MicIn/src/tmp/_cg/dds_trig.v" into
   library work
INFO:ProjectMgmt - Parsing design hierarchy completed successfully.
Adding /home/cc/cs150/sp13/class/cs150-ac/proj/MicIn/src/tmp/_cg/dds_trig.veo
-view all -origin_type imported
INFO:TclTasksC:2116 - The automatic calculation of top has been turned-off.
   Please set the new top explicitly by running the "project set top" command.
   To re-calculate the new top automatically, set the "Auto Implementation Top"
   property to true.
Top level has been set to "/dds_trig"
Generating README file...
Generating FLIST file...
INFO:sim:948 - Finished FLIST file generation.
Launching README viewer...
Moving files to output directory...
Finished moving files to output directory
Saved CGP file for project 'coregen'.
Closed project file.
